#
# A fatal error has been detected by the Java Runtime Environment:
#
#  Internal Error (classFileParser.cpp:3174), pid=18781, tid=140114634364672
#  Error: ShouldNotReachHere()
#
# JRE version: 6.0_20-b02
# Java VM: Java HotSpot(TM) 64-Bit Server VM (16.3-b01 mixed mode linux-amd64 )
# If you would like to submit a bug report, please visit:
#   http://java.sun.com/webapps/bugreport/crash.jsp
#

---------------  T H R E A D  ---------------

Current thread (0x00007f6ef4008000):  JavaThread "Unknown thread" [_thread_in_vm, id=18782, stack(0x00007f6efaf25000,0x00007f6efb026000)]

Stack: [0x00007f6efaf25000,0x00007f6efb026000],  sp=0x00007f6efb024140,  free space=3fc0000000000000018k
Native frames: (J=compiled Java code, j=interpreted, Vv=VM code, C=native code)
V  [libjvm.so+0x70f420]
V  [libjvm.so+0x2e4732]
V  [libjvm.so+0x2796f4]
V  [libjvm.so+0x27fb84]
V  [libjvm.so+0x6a0c6f]
V  [libjvm.so+0x69edbb]
V  [libjvm.so+0x69dc51]
V  [libjvm.so+0x69d8c3]
V  [libjvm.so+0x6a22c0]
V  [libjvm.so+0x6a2355]
V  [libjvm.so+0x6a2435]
V  [libjvm.so+0x6a21f8]
V  [libjvm.so+0x6e7428]
V  [libjvm.so+0x6e9299]
V  [libjvm.so+0x3a52f8]
V  [libjvm.so+0x6d0d0f]
V  [libjvm.so+0x40f290]


---------------  P R O C E S S  ---------------

Java Threads: ( => current thread )

Other Threads:

=>0x00007f6ef4008000 (exited) JavaThread "Unknown thread" [_thread_in_vm, id=18782, stack(0x00007f6efaf25000,0x00007f6efb026000)]

VM state:not at safepoint (not fully initialized)

VM Mutex/Monitor currently owned by a thread: None

Dynamic libraries:
40000000-40009000 r-xp 00000000 08:01 6560562                            /usr/lib/jvm/jdk1.6.0_20/bin/java
40108000-4010a000 rwxp 00008000 08:01 6560562                            /usr/lib/jvm/jdk1.6.0_20/bin/java
40220000-40241000 rwxp 00000000 00:00 0                                  [heap]
7f6e0c000000-7f6e0c021000 rwxp 00000000 00:00 0 
7f6e0c021000-7f6e10000000 ---p 00000000 00:00 0 
7f6e14000000-7f6e14021000 rwxp 00000000 00:00 0 
7f6e14021000-7f6e18000000 ---p 00000000 00:00 0 
7f6e18000000-7f6e18021000 rwxp 00000000 00:00 0 
7f6e18021000-7f6e1c000000 ---p 00000000 00:00 0 
7f6e1c000000-7f6e1c021000 rwxp 00000000 00:00 0 
7f6e1c021000-7f6e20000000 ---p 00000000 00:00 0 
7f6e20000000-7f6e20021000 rwxp 00000000 00:00 0 
7f6e20021000-7f6e24000000 ---p 00000000 00:00 0 
7f6e24000000-7f6e24021000 rwxp 00000000 00:00 0 
7f6e24021000-7f6e28000000 ---p 00000000 00:00 0 
7f6e28000000-7f6e28021000 rwxp 00000000 00:00 0 
7f6e28021000-7f6e2c000000 ---p 00000000 00:00 0 
7f6e2c000000-7f6e2c021000 rwxp 00000000 00:00 0 
7f6e2c021000-7f6e30000000 ---p 00000000 00:00 0 
7f6e30400000-7f6e318c0000 rwxp 00000000 00:00 0 
7f6e318c0000-7f6e35800000 rwxp 00000000 00:00 0 
7f6e35800000-7f6e3d500000 rwxp 00000000 00:00 0 
7f6e3d500000-7f6eb2800000 rwxp 00000000 00:00 0 
7f6eb2800000-7f6eb6680000 rwxp 00000000 00:00 0 
7f6eb6680000-7f6ef1000000 rwxp 00000000 00:00 0 
7f6ef1000000-7f6ef1270000 rwxp 00000000 00:00 0 
7f6ef1270000-7f6ef4074000 rwxp 00000000 00:00 0 
7f6ef4074000-7f6ef8000000 ---p 00000000 00:00 0 
7f6ef8d7d000-7f6ef8e3b000 r-xs 00fac000 08:01 398929                     /home/heila/Android/android-sdk-linux/platforms/android-15/android.jar
7f6ef8e3b000-7f6ef8e63000 rwxp 00000000 00:00 0 
7f6ef8e63000-7f6ef8e64000 ---p 00000000 00:00 0 
7f6ef8e64000-7f6ef8f64000 rwxp 00000000 00:00 0 
7f6ef8f64000-7f6ef8f65000 ---p 00000000 00:00 0 
7f6ef8f65000-7f6ef9065000 rwxp 00000000 00:00 0 
7f6ef9065000-7f6ef9066000 ---p 00000000 00:00 0 
7f6ef9066000-7f6ef9166000 rwxp 00000000 00:00 0 
7f6ef9166000-7f6ef9167000 ---p 00000000 00:00 0 
7f6ef9167000-7f6ef9267000 rwxp 00000000 00:00 0 
7f6ef9267000-7f6ef9268000 ---p 00000000 00:00 0 
7f6ef9268000-7f6ef9368000 rwxp 00000000 00:00 0 
7f6ef9368000-7f6ef9369000 ---p 00000000 00:00 0 
7f6ef9369000-7f6ef9469000 rwxp 00000000 00:00 0 
7f6ef9469000-7f6ef946a000 ---p 00000000 00:00 0 
7f6ef946a000-7f6ef956a000 rwxp 00000000 00:00 0 
7f6ef956a000-7f6ef956b000 ---p 00000000 00:00 0 
7f6ef956b000-7f6ef9676000 rwxp 00000000 00:00 0 
7f6ef9676000-7f6ef9695000 rwxp 00000000 00:00 0 
7f6ef9695000-7f6ef96d4000 rwxp 00000000 00:00 0 
7f6ef96d4000-7f6ef9a7d000 rwxp 00000000 00:00 0 
7f6ef9a7d000-7f6ef9a88000 rwxp 00000000 00:00 0 
7f6ef9a88000-7f6ef9aa7000 rwxp 00000000 00:00 0 
7f6ef9aa7000-7f6ef9ae6000 rwxp 00000000 00:00 0 
7f6ef9ae6000-7f6ef9e8f000 rwxp 00000000 00:00 0 
7f6ef9e8f000-7f6ef9eaf000 rwxp 00000000 00:00 0 
7f6ef9eaf000-7f6efa083000 rwxp 00000000 00:00 0 
7f6efa083000-7f6efa084000 rwxp 00000000 00:00 0 
7f6efa084000-7f6efa092000 r-xp 00000000 08:01 6561298                    /usr/lib/jvm/jdk1.6.0_20/jre/lib/amd64/libzip.so
7f6efa092000-7f6efa194000 ---p 0000e000 08:01 6561298                    /usr/lib/jvm/jdk1.6.0_20/jre/lib/amd64/libzip.so
7f6efa194000-7f6efa197000 rwxp 00010000 08:01 6561298                    /usr/lib/jvm/jdk1.6.0_20/jre/lib/amd64/libzip.so
7f6efa197000-7f6efa198000 rwxp 00000000 00:00 0 
7f6efa198000-7f6efa1a4000 r-xp 00000000 08:01 3935821                    /lib/x86_64-linux-gnu/libnss_files-2.15.so
7f6efa1a4000-7f6efa3a3000 ---p 0000c000 08:01 3935821                    /lib/x86_64-linux-gnu/libnss_files-2.15.so
7f6efa3a3000-7f6efa3a4000 r-xp 0000b000 08:01 3935821                    /lib/x86_64-linux-gnu/libnss_files-2.15.so
7f6efa3a4000-7f6efa3a5000 rwxp 0000c000 08:01 3935821                    /lib/x86_64-linux-gnu/libnss_files-2.15.so
7f6efa3a5000-7f6efa3af000 r-xp 00000000 08:01 3935825                    /lib/x86_64-linux-gnu/libnss_nis-2.15.so
7f6efa3af000-7f6efa5af000 ---p 0000a000 08:01 3935825                    /lib/x86_64-linux-gnu/libnss_nis-2.15.so
7f6efa5af000-7f6efa5b0000 r-xp 0000a000 08:01 3935825                    /lib/x86_64-linux-gnu/libnss_nis-2.15.so
7f6efa5b0000-7f6efa5b1000 rwxp 0000b000 08:01 3935825                    /lib/x86_64-linux-gnu/libnss_nis-2.15.so
7f6efa5b1000-7f6efa5b9000 r-xp 00000000 08:01 3935817                    /lib/x86_64-linux-gnu/libnss_compat-2.15.so
7f6efa5b9000-7f6efa7b8000 ---p 00008000 08:01 3935817                    /lib/x86_64-linux-gnu/libnss_compat-2.15.so
7f6efa7b8000-7f6efa7b9000 r-xp 00007000 08:01 3935817                    /lib/x86_64-linux-gnu/libnss_compat-2.15.so
7f6efa7b9000-7f6efa7ba000 rwxp 00008000 08:01 3935817                    /lib/x86_64-linux-gnu/libnss_compat-2.15.so
7f6efa7ba000-7f6efa7c1000 r-xp 00000000 08:01 6561288                    /usr/lib/jvm/jdk1.6.0_20/jre/lib/amd64/native_threads/libhpi.so
7f6efa7c1000-7f6efa8c2000 ---p 00007000 08:01 6561288                    /usr/lib/jvm/jdk1.6.0_20/jre/lib/amd64/native_threads/libhpi.so
7f6efa8c2000-7f6efa8c4000 rwxp 00008000 08:01 6561288                    /usr/lib/jvm/jdk1.6.0_20/jre/lib/amd64/native_threads/libhpi.so
7f6efa8c4000-7f6efa8c5000 rwxp 00000000 00:00 0 
7f6efa8c5000-7f6efa8dc000 r-xp 00000000 08:01 3935815                    /lib/x86_64-linux-gnu/libnsl-2.15.so
7f6efa8dc000-7f6efaadb000 ---p 00017000 08:01 3935815                    /lib/x86_64-linux-gnu/libnsl-2.15.so
7f6efaadb000-7f6efaadc000 r-xp 00016000 08:01 3935815                    /lib/x86_64-linux-gnu/libnsl-2.15.so
7f6efaadc000-7f6efaadd000 rwxp 00017000 08:01 3935815                    /lib/x86_64-linux-gnu/libnsl-2.15.so
7f6efaadd000-7f6efaadf000 rwxp 00000000 00:00 0 
7f6efaadf000-7f6efab08000 r-xp 00000000 08:01 6561296                    /usr/lib/jvm/jdk1.6.0_20/jre/lib/amd64/libjava.so
7f6efab08000-7f6efac07000 ---p 00029000 08:01 6561296                    /usr/lib/jvm/jdk1.6.0_20/jre/lib/amd64/libjava.so
7f6efac07000-7f6efac0e000 rwxp 00028000 08:01 6561296                    /usr/lib/jvm/jdk1.6.0_20/jre/lib/amd64/libjava.so
7f6efac0e000-7f6efac1b000 r-xp 00000000 08:01 6561286                    /usr/lib/jvm/jdk1.6.0_20/jre/lib/amd64/libverify.so
7f6efac1b000-7f6efad1a000 ---p 0000d000 08:01 6561286                    /usr/lib/jvm/jdk1.6.0_20/jre/lib/amd64/libverify.so
7f6efad1a000-7f6efad1d000 rwxp 0000c000 08:01 6561286                    /usr/lib/jvm/jdk1.6.0_20/jre/lib/amd64/libverify.so
7f6efad1d000-7f6efad24000 r-xp 00000000 08:01 3935856                    /lib/x86_64-linux-gnu/librt-2.15.so
7f6efad24000-7f6efaf23000 ---p 00007000 08:01 3935856                    /lib/x86_64-linux-gnu/librt-2.15.so
7f6efaf23000-7f6efaf24000 r-xp 00006000 08:01 3935856                    /lib/x86_64-linux-gnu/librt-2.15.so
7f6efaf24000-7f6efaf25000 rwxp 00007000 08:01 3935856                    /lib/x86_64-linux-gnu/librt-2.15.so
7f6efaf25000-7f6efaf28000 ---p 00000000 00:00 0 
7f6efaf28000-7f6efb026000 rwxp 00000000 00:00 0 
7f6efb026000-7f6efb11f000 r-xp 00000000 08:01 3935802                    /lib/x86_64-linux-gnu/libm-2.15.so
7f6efb11f000-7f6efb31e000 ---p 000f9000 08:01 3935802                    /lib/x86_64-linux-gnu/libm-2.15.so
7f6efb31e000-7f6efb31f000 r-xp 000f8000 08:01 3935802                    /lib/x86_64-linux-gnu/libm-2.15.so
7f6efb31f000-7f6efb320000 rwxp 000f9000 08:01 3935802                    /lib/x86_64-linux-gnu/libm-2.15.so
7f6efb320000-7f6efbad5000 r-xp 00000000 08:01 6561268                    /usr/lib/jvm/jdk1.6.0_20/jre/lib/amd64/server/libjvm.so
7f6efbad5000-7f6efbbd4000 ---p 007b5000 08:01 6561268                    /usr/lib/jvm/jdk1.6.0_20/jre/lib/amd64/server/libjvm.so
7f6efbbd4000-7f6efbd5f000 rwxp 007b4000 08:01 6561268                    /usr/lib/jvm/jdk1.6.0_20/jre/lib/amd64/server/libjvm.so
7f6efbd5f000-7f6efbd98000 rwxp 00000000 00:00 0 
7f6efbd98000-7f6efbf4b000 r-xp 00000000 08:01 3935770                    /lib/x86_64-linux-gnu/libc-2.15.so
7f6efbf4b000-7f6efc14a000 ---p 001b3000 08:01 3935770                    /lib/x86_64-linux-gnu/libc-2.15.so
7f6efc14a000-7f6efc14e000 r-xp 001b2000 08:01 3935770                    /lib/x86_64-linux-gnu/libc-2.15.so
7f6efc14e000-7f6efc150000 rwxp 001b6000 08:01 3935770                    /lib/x86_64-linux-gnu/libc-2.15.so
7f6efc150000-7f6efc155000 rwxp 00000000 00:00 0 
7f6efc155000-7f6efc157000 r-xp 00000000 08:01 3935783                    /lib/x86_64-linux-gnu/libdl-2.15.so
7f6efc157000-7f6efc357000 ---p 00002000 08:01 3935783                    /lib/x86_64-linux-gnu/libdl-2.15.so
7f6efc357000-7f6efc358000 r-xp 00002000 08:01 3935783                    /lib/x86_64-linux-gnu/libdl-2.15.so
7f6efc358000-7f6efc359000 rwxp 00003000 08:01 3935783                    /lib/x86_64-linux-gnu/libdl-2.15.so
7f6efc359000-7f6efc371000 r-xp 00000000 08:01 3935850                    /lib/x86_64-linux-gnu/libpthread-2.15.so
7f6efc371000-7f6efc570000 ---p 00018000 08:01 3935850                    /lib/x86_64-linux-gnu/libpthread-2.15.so
7f6efc570000-7f6efc571000 r-xp 00017000 08:01 3935850                    /lib/x86_64-linux-gnu/libpthread-2.15.so
7f6efc571000-7f6efc572000 rwxp 00018000 08:01 3935850                    /lib/x86_64-linux-gnu/libpthread-2.15.so
7f6efc572000-7f6efc576000 rwxp 00000000 00:00 0 
7f6efc576000-7f6efc598000 r-xp 00000000 08:01 3935750                    /lib/x86_64-linux-gnu/ld-2.15.so
7f6efc5af000-7f6efc5b9000 rwxp 00000000 00:00 0 
7f6efc5b9000-7f6efc66f000 rwxp 00000000 00:00 0 
7f6efc66f000-7f6efc672000 rwxp 00000000 00:00 0 
7f6efc672000-7f6efc679000 r-xp 00000000 08:01 6561291                    /usr/lib/jvm/jdk1.6.0_20/jre/lib/amd64/jli/libjli.so
7f6efc679000-7f6efc77a000 ---p 00007000 08:01 6561291                    /usr/lib/jvm/jdk1.6.0_20/jre/lib/amd64/jli/libjli.so
7f6efc77a000-7f6efc77c000 rwxp 00008000 08:01 6561291                    /usr/lib/jvm/jdk1.6.0_20/jre/lib/amd64/jli/libjli.so
7f6efc77c000-7f6efc77d000 rwxp 00000000 00:00 0 
7f6efc78c000-7f6efc794000 rwxs 00000000 08:01 4718674                    /tmp/hsperfdata_heila/18781
7f6efc794000-7f6efc795000 rwxp 00000000 00:00 0 
7f6efc795000-7f6efc796000 r-xp 00000000 00:00 0 
7f6efc796000-7f6efc798000 rwxp 00000000 00:00 0 
7f6efc798000-7f6efc799000 r-xp 00022000 08:01 3935750                    /lib/x86_64-linux-gnu/ld-2.15.so
7f6efc799000-7f6efc79b000 rwxp 00023000 08:01 3935750                    /lib/x86_64-linux-gnu/ld-2.15.so
7fff1d2bb000-7fff1d2dc000 rwxp 00000000 00:00 0                          [stack]
7fff1d36e000-7fff1d36f000 r-xp 00000000 00:00 0                          [vdso]
ffffffffff600000-ffffffffff601000 r-xp 00000000 00:00 0                  [vsyscall]

VM Arguments:
jvm_args: -Dfile.encoding=UTF-8 -Xbootclasspath:/home/heila/Android/android-sdk-linux/platforms/android-15/android.jar 
java_command: com.vdm.DeadlockActivity
Launcher Type: SUN_STANDARD

Environment Variables:
PATH=/home/heila/bin:/usr/lib/lightdm/lightdm:/usr/local/sbin:/usr/local/bin:/usr/sbin:/usr/bin:/sbin:/bin:/usr/games
LD_LIBRARY_PATH=/usr/lib/jvm/jdk1.6.0_20/jre/lib/amd64/server:/usr/lib/jvm/jdk1.6.0_20/jre/lib/amd64:/usr/lib/jvm/jdk1.6.0_20/jre/../lib/amd64
SHELL=/bin/bash
DISPLAY=:0.0

Signal Handlers:
SIGSEGV: [libjvm.so+0x70ffd0], sa_mask[0]=0x7ffbfeff, sa_flags=0x10000004
SIGBUS: [libjvm.so+0x70ffd0], sa_mask[0]=0x7ffbfeff, sa_flags=0x10000004
SIGFPE: [libjvm.so+0x5d8cf0], sa_mask[0]=0x7ffbfeff, sa_flags=0x10000004
SIGPIPE: [libjvm.so+0x5d8cf0], sa_mask[0]=0x7ffbfeff, sa_flags=0x10000004
SIGXFSZ: [libjvm.so+0x5d8cf0], sa_mask[0]=0x7ffbfeff, sa_flags=0x10000004
SIGILL: [libjvm.so+0x5d8cf0], sa_mask[0]=0x7ffbfeff, sa_flags=0x10000004
SIGUSR1: SIG_DFL, sa_mask[0]=0x00000000, sa_flags=0x00000000
SIGUSR2: [libjvm.so+0x5db510], sa_mask[0]=0x00000004, sa_flags=0x10000004
SIGHUP: SIG_DFL, sa_mask[0]=0x00000000, sa_flags=0x00000000
SIGINT: SIG_DFL, sa_mask[0]=0x00000000, sa_flags=0x00000000
SIGTERM: SIG_DFL, sa_mask[0]=0x00000000, sa_flags=0x00000000
SIGQUIT: SIG_DFL, sa_mask[0]=0x00000000, sa_flags=0x00000000


---------------  S Y S T E M  ---------------

OS:wheezy/sid

uname:Linux 3.2.0-24-generic #37-Ubuntu SMP Wed Apr 25 08:43:22 UTC 2012 x86_64
libc:glibc 2.15 NPTL 2.15 
rlimit: STACK 8192k, CORE 0k, NPROC 95862, NOFILE 4096, AS infinity
load average:0.80 0.75 0.70

CPU:total 8 (8 cores per cpu, 2 threads per core) family 6 model 42 stepping 7, cmov, cx8, fxsr, mmx, sse, sse2, sse3, ssse3, sse4.1, sse4.2, popcnt, ht

Memory: 4k page, physical 12287920k(5121888k free), swap 975868k(975868k free)

vm_info: Java HotSpot(TM) 64-Bit Server VM (16.3-b01) for linux-amd64 JRE (1.6.0_20-b02), built on Apr 12 2010 13:57:11 by "java_re" with gcc 3.2.2 (SuSE Linux)

time: Thu May  3 12:21:01 2012
elapsed time: 0 seconds

